"QUERY PLAN"
"HashAggregate  (cost=18778.45..18781.02 rows=257 width=13) (actual time=2616.810..2616.865 rows=258 loops=1)"
"  Group Key: responses.var"
"  ->  Nested Loop  (cost=373.56..18399.92 rows=75706 width=5) (actual time=27.787..2598.739 rows=56203 loops=1)"
"        ->  HashAggregate  (cost=373.12..373.62 rows=50 width=147) (actual time=25.226..28.422 rows=3360 loops=1)"
"              Group Key: (respondents.respondent ->> 'RespID'::text)"
"              ->  Seq Scan on respondents  (cost=0.00..373.00 rows=50 width=147) (actual time=5.807..21.806 rows=3360 loops=1)"
"                    Filter: ((respondent ->> 'Country'::text) = '1'::text)"
"                    Rows Removed by Filter: 6640"
"        ->  Index Scan using index_responses_on_respondent_id on responses  (cost=0.43..360.38 rows=15 width=9) (actual time=0.726..0.758 rows=17 loops=3360)"
"              Index Cond: ((respondent_id)::text = (respondents.respondent ->> 'RespID'::text))"
"              Filter: (project_id = 112358)"
"              Rows Removed by Filter: 175"
"Planning time: 6.504 ms"
"Execution time: 2623.348 ms"
